{"/Users/williamyallop/Desktop/@projects/WillPress/core/modules/src/verify-file.ts": {"path":"/Users/williamyallop/Desktop/@projects/WillPress/core/modules/src/verify-file.ts","statementMap":{"0":{"start":{"line":2,"column":15},"end":{"line":2,"column":28}},"1":{"start":{"line":5,"column":8},"end":{"line":6,"column":null}},"2":{"start":{"line":5,"column":33},"end":{"line":5,"column":null}},"3":{"start":{"line":6,"column":13},"end":{"line":6,"column":null}},"4":{"start":{"line":9,"column":4},"end":{"line":9,"column":38}}},"fnMap":{"0":{"name":"verifyFileExists","decl":{"start":{"line":4,"column":13},"end":{"line":4,"column":29}},"loc":{"start":{"line":4,"column":42},"end":{"line":7,"column":5}}}},"branchMap":{"0":{"loc":{"start":{"line":5,"column":8},"end":{"line":6,"column":null}},"type":"if","locations":[{"start":{"line":5,"column":8},"end":{"line":6,"column":null}},{"start":{"line":6,"column":13},"end":{"line":6,"column":null}}]}},"s":{"0":1,"1":2,"2":1,"3":1,"4":1},"f":{"0":2},"b":{"0":[1,1]}}
}
