{"/Users/williamyallop/Desktop/@projects/WillPress/core/modules/src/verify-file.ts": {"path":"/Users/williamyallop/Desktop/@projects/WillPress/core/modules/src/verify-file.ts","statementMap":{"0":{"start":{"line":1,"column":11},"end":{"line":1,"column":24}},"1":{"start":{"line":4,"column":4},"end":{"line":5,"column":null}},"2":{"start":{"line":4,"column":29},"end":{"line":4,"column":null}},"3":{"start":{"line":5,"column":9},"end":{"line":5,"column":null}},"4":{"start":{"line":8,"column":0},"end":{"line":8,"column":34}}},"fnMap":{"0":{"name":"verifyFileExists","decl":{"start":{"line":3,"column":9},"end":{"line":3,"column":25}},"loc":{"start":{"line":3,"column":38},"end":{"line":6,"column":1}}}},"branchMap":{"0":{"loc":{"start":{"line":4,"column":4},"end":{"line":5,"column":null}},"type":"if","locations":[{"start":{"line":4,"column":4},"end":{"line":5,"column":null}},{"start":{"line":5,"column":9},"end":{"line":5,"column":null}}]}},"s":{"0":1,"1":2,"2":1,"3":1,"4":1},"f":{"0":2},"b":{"0":[1,1]}}
}
